Arguments: 
  /Users/maksym/.nvm/versions/node/v16.13.2/bin/node /opt/homebrew/Cellar/yarn/1.22.19/libexec/bin/yarn.js

PATH: 
  /Users/maksym/.nvm/versions/node/v16.13.2/bin:/opt/homebrew/bin:/opt/homebrew/sbin:/usr/local/bin:/usr/bin:/bin:/usr/sbin:/sbin:/Users/maksym/.cargo/bin

Yarn version: 
  1.22.19

Node version: 
  16.13.2

Platform: 
  darwin arm64

Trace: 
  Error: https://registry.yarnpkg.com/@fleekhq%2fplugin-helpers: Not found
      at Request.params.callback [as _callback] (/opt/homebrew/Cellar/yarn/1.22.19/libexec/lib/cli.js:66145:18)
      at Request.self.callback (/opt/homebrew/Cellar/yarn/1.22.19/libexec/lib/cli.js:140890:22)
      at Request.emit (node:events:390:28)
      at Request.<anonymous> (/opt/homebrew/Cellar/yarn/1.22.19/libexec/lib/cli.js:141862:10)
      at Request.emit (node:events:390:28)
      at IncomingMessage.<anonymous> (/opt/homebrew/Cellar/yarn/1.22.19/libexec/lib/cli.js:141784:12)
      at Object.onceWrapper (node:events:509:28)
      at IncomingMessage.emit (node:events:402:35)
      at endReadableNT (node:internal/streams/readable:1343:12)
      at processTicksAndRejections (node:internal/process/task_queues:83:21)

npm manifest: 
  {
    "name": "ipfs-camp-workshop",
    "version": "0.0.0",
    "description": "2022 IPFS camp plugins workshop",
    "main": "index.ts",
    "repository": "https://github.com/FleekHQ/ipfs-camp-workshop",
    "author": "fleekhq",
    "license": "MIT",
    "private": false,
    "dependencies": {
      "@fleekhq/plugin-helpers": "0.0.1-alpha"
    }
  }

yarn manifest: 
  No manifest

Lockfile: 
  No lockfile
